node:internal/modules/cjs/loader:1423
  throw err;
  ^

Error: Cannot find module 'mysql2/promise'
Require stack:
- /home/endrisusanto/dev/warga_ambyar/config/db.js
- /home/endrisusanto/dev/warga_ambyar/reset_data.js
    at Module._resolveFilename (node:internal/modules/cjs/loader:1420:15)
    at defaultResolveImpl (node:internal/modules/cjs/loader:1058:19)
    at resolveForCJSWithHooks (node:internal/modules/cjs/loader:1063:22)
    at Module._load (node:internal/modules/cjs/loader:1226:37)
    at TracingChannel.traceSync (node:diagnostics_channel:328:14)
    at wrapModuleLoad (node:internal/modules/cjs/loader:245:24)
    at Module.require (node:internal/modules/cjs/loader:1503:12)
    at require (node:internal/modules/helpers:152:16)
    at Object.<anonymous> (/home/endrisusanto/dev/warga_ambyar/config/db.js:1:15)
    at Module._compile (node:internal/modules/cjs/loader:1760:14) {
  code: 'MODULE_NOT_FOUND',
  requireStack: [
    '/home/endrisusanto/dev/warga_ambyar/config/db.js',
    '/home/endrisusanto/dev/warga_ambyar/reset_data.js'
  ]
}

Node.js v25.2.1
